TN:
SF:script/Deployment.s.sol
FN:9,DeploymentScript.run
FNDA:0,DeploymentScript.run
DA:10,0
DA:11,0
DA:13,0
DA:15,0
FNF:1
FNH:0
LF:4
LH:0
BRF:0
BRH:0
end_of_record
TN:
SF:src/Book.sol
FN:38,Book.setTipRecipient
FNDA:3,Book.setTipRecipient
DA:39,2
BRDA:39,0,0,1
BRDA:39,0,1,1
DA:41,1
DA:43,1
FN:51,Book.createPage
FNDA:258,Book.createPage
DA:53,258
BRDA:53,1,0,1
BRDA:53,1,1,257
DA:56,257
BRDA:56,2,0,1
BRDA:56,2,1,256
DA:58,256
DA:64,256
DA:67,256
FNF:2
FNH:2
LF:8
LH:8
BRF:6
BRH:6
end_of_record
TN:
SF:src/Page.sol
FN:70,Page._calculateListingValues
FNDA:2116,Page._calculateListingValues
DA:74,2116
DA:75,2116
FN:85,Page.initialize
FNDA:512,Page.initialize
DA:92,256
DA:95,256
DA:98,256
DA:101,256
DA:103,256
FN:111,Page.uri
FNDA:2,Page.uri
DA:112,2
FN:119,Page.setTipRecipient
FNDA:3,Page.setTipRecipient
DA:120,2
BRDA:120,0,0,1
BRDA:120,0,1,1
DA:122,1
DA:124,1
FN:132,Page.deposit
FNDA:3150,Page.deposit
DA:133,3150
BRDA:133,1,0,1
BRDA:133,1,1,3149
DA:137,3149
DA:140,3149
FN:148,Page.withdraw
FNDA:5,Page.withdraw
DA:150,5
BRDA:150,2,0,1
BRDA:150,2,1,4
DA:153,4
DA:156,4
FN:165,Page._list
FNDA:6991,Page._list
DA:167,6991
BRDA:167,3,0,1
BRDA:167,3,1,6990
DA:170,6990
BRDA:170,4,0,1
BRDA:170,4,1,6989
DA:173,6989
BRDA:173,5,0,1
BRDA:173,5,1,6988
DA:176,6988
DA:179,6988
FN:188,Page.list
FNDA:3142,Page.list
DA:189,3142
DA:191,3139
FN:199,Page.edit
FNDA:770,Page.edit
DA:201,770
BRDA:201,6,0,1
BRDA:201,6,1,769
DA:203,769
DA:206,769
BRDA:206,7,0,1
BRDA:206,7,1,768
DA:208,768
DA:210,768
FN:217,Page.cancel
FNDA:1025,Page.cancel
DA:219,1025
BRDA:219,8,0,1
BRDA:219,8,1,1024
DA:222,1024
DA:224,1024
DA:226,1024
FN:233,Page.buy
FNDA:1025,Page.buy
DA:235,1025
BRDA:235,9,0,1
BRDA:235,9,1,1024
DA:237,1024
DA:240,1024
BRDA:240,10,0,191
BRDA:240,10,1,833
DA:242,833
DA:248,833
BRDA:248,11,0,65
BRDA:248,11,1,768
DA:251,768
DA:254,768
DA:257,768
DA:262,768
BRDA:262,12,0,699
BRDA:262,12,1,768
DA:263,699
DA:265,768
FN:273,Page.batchDeposit
FNDA:1289,Page.batchDeposit
DA:277,1289
BRDA:277,13,0,1
BRDA:277,13,1,1288
DA:278,1288
BRDA:278,14,0,1
BRDA:278,14,1,1287
DA:280,1287
DA:281,1287
DA:283,1287
DA:284,3861
DA:288,3861
DA:291,3861
DA:294,3861
DA:297,3861
FN:307,Page.batchWithdraw
FNDA:4,Page.batchWithdraw
DA:311,4
BRDA:311,15,0,1
BRDA:311,15,1,3
DA:313,3
DA:314,3
DA:316,3
DA:317,5
DA:320,5
BRDA:320,16,0,2
BRDA:320,16,1,3
DA:323,3
DA:326,3
DA:329,3
DA:332,3
FN:343,Page.batchList
FNDA:1286,Page.batchList
DA:348,1286
BRDA:348,17,0,1
BRDA:348,17,1,1285
DA:350,1285
DA:353,3851
DA:356,3849
DA:360,1283
FN:368,Page.batchEdit
FNDA:260,Page.batchEdit
DA:372,260
BRDA:372,18,0,1
BRDA:372,18,1,259
DA:374,259
DA:376,259
DA:377,771
DA:380,770
BRDA:380,19,0,1
BRDA:380,19,1,769
DA:382,769
DA:385,769
BRDA:385,20,0,1
BRDA:385,20,1,768
DA:387,768
DA:390,768
DA:394,256
FN:401,Page.batchCancel
FNDA:258,Page.batchCancel
DA:402,258
BRDA:402,21,0,1
BRDA:402,21,1,257
DA:404,257
DA:406,257
DA:407,769
DA:410,769
BRDA:410,22,0,1
BRDA:410,22,1,768
DA:413,768
DA:415,768
DA:418,768
DA:422,256
FN:429,Page.batchBuy
FNDA:515,Page.batchBuy
DA:430,515
BRDA:430,23,0,1
BRDA:430,23,1,514
DA:433,514
BRDA:433,24,0,1
BRDA:433,24,1,513
DA:435,513
DA:436,513
DA:437,513
DA:439,513
DA:440,1539
DA:444,1539
DA:447,1539
DA:450,1539
BRDA:450,25,0,256
BRDA:450,25,1,1283
DA:452,1283
DA:455,1283
DA:458,1283
DA:461,1283
DA:464,1283
DA:467,1283
DA:470,1283
DA:474,513
BRDA:474,26,0,1
BRDA:474,26,1,512
DA:477,512
BRDA:477,27,0,512
BRDA:477,27,1,512
DA:478,512
DA:480,512
FNF:17
FNH:17
LF:109
LH:109
BRF:56
BRH:56
end_of_record
TN:
SF:src/base/ERC1155NS.sol
FN:58,ERC1155NS._balanceOf
FNDA:16145,ERC1155NS._balanceOf
DA:62,16145
FN:65,ERC1155NS.balanceOf
FNDA:16136,ERC1155NS.balanceOf
DA:69,16136
FN:72,ERC1155NS.setApprovalForAll
FNDA:0,ERC1155NS.setApprovalForAll
DA:73,0
DA:75,0
FN:78,ERC1155NS.safeTransferFrom
FNDA:0,ERC1155NS.safeTransferFrom
DA:85,0
BRDA:85,0,0,-
BRDA:85,0,1,-
DA:91,0
BRDA:91,1,0,-
BRDA:91,1,1,-
DA:94,0
DA:96,0
DA:98,0
BRDA:98,2,0,-
BRDA:98,2,1,-
FN:112,ERC1155NS.safeBatchTransferFrom
FNDA:0,ERC1155NS.safeBatchTransferFrom
DA:119,0
BRDA:119,3,0,-
BRDA:119,3,1,-
DA:121,0
BRDA:121,4,0,-
BRDA:121,4,1,-
DA:127,0
DA:129,0
DA:130,0
DA:132,0
BRDA:132,5,0,-
BRDA:132,5,1,-
DA:134,0
DA:139,0
DA:143,0
DA:145,0
BRDA:145,6,0,-
BRDA:145,6,1,-
FN:159,ERC1155NS.balanceOfBatch
FNDA:3,ERC1155NS.balanceOfBatch
DA:163,3
BRDA:163,7,0,-
BRDA:163,7,1,3
DA:165,3
DA:170,3
DA:171,9
FN:180,ERC1155NS.supportsInterface
FNDA:0,ERC1155NS.supportsInterface
DA:183,0
FN:193,ERC1155TokenReceiver.onERC1155Received
FNDA:0,ERC1155TokenReceiver.onERC1155Received
DA:200,0
FN:203,ERC1155TokenReceiver.onERC1155BatchReceived
FNDA:0,ERC1155TokenReceiver.onERC1155BatchReceived
DA:210,0
FNF:9
FNH:3
LF:26
LH:6
BRF:16
BRH:1
end_of_record
TN:
SF:src/base/Owned.sol
FN:39,Owned.transferOwnership
FNDA:0,Owned.transferOwnership
DA:40,0
DA:42,0
FNF:1
FNH:0
LF:2
LH:0
BRF:0
BRH:0
end_of_record
TN:
SF:test/Book.t.sol
FN:16,DummyERC4626.totalAssets
FNDA:0,DummyERC4626.totalAssets
DA:17,0
FNF:1
FNH:0
LF:1
LH:0
BRF:0
BRH:0
end_of_record
