TN:
SF:src/MoonBook.sol
FN:26,MoonBook.createPage
FNDA:258,MoonBook.createPage
DA:28,258
BRDA:28,0,0,1
BRDA:28,0,1,257
DA:31,257
BRDA:31,1,0,1
BRDA:31,1,1,256
DA:33,256
DA:39,256
DA:42,256
FNF:1
FNH:1
LF:5
LH:5
BRF:4
BRH:4
end_of_record
TN:
SF:src/MoonPage.sol
FN:60,MoonPage._calculateTransferValues
FNDA:2563,MoonPage._calculateTransferValues
DA:64,2563
DA:65,2563
FN:73,MoonPage.initialize
FNDA:256,MoonPage.initialize
DA:79,256
DA:82,256
DA:85,256
DA:87,256
FN:90,MoonPage.setURI
FNDA:2,MoonPage.setURI
DA:91,1
FN:94,MoonPage.setTipRecipient
FNDA:2,MoonPage.setTipRecipient
DA:95,1
DA:97,1
FN:105,MoonPage.deposit
FNDA:3146,MoonPage.deposit
DA:106,3146
BRDA:106,0,0,1
BRDA:106,0,1,3145
DA:110,3145
DA:114,3145
FN:122,MoonPage.withdraw
FNDA:5,MoonPage.withdraw
DA:123,5
BRDA:123,1,0,1
BRDA:123,1,1,4
DA:126,4
BRDA:126,2,0,1
BRDA:126,2,1,3
DA:129,3
DA:132,3
FN:141,MoonPage._list
FNDA:6988,MoonPage._list
DA:143,6988
BRDA:143,3,0,1
BRDA:143,3,1,6987
DA:146,6987
BRDA:146,4,0,1
BRDA:146,4,1,6986
DA:149,6986
BRDA:149,5,0,1
BRDA:149,5,1,6985
DA:152,6985
DA:155,6985
FN:164,MoonPage.list
FNDA:3139,MoonPage.list
DA:165,3139
DA:167,3136
FN:175,MoonPage.edit
FNDA:770,MoonPage.edit
DA:177,770
BRDA:177,6,0,1
BRDA:177,6,1,769
DA:179,769
DA:182,769
BRDA:182,7,0,1
BRDA:182,7,1,768
DA:184,768
DA:186,768
FN:193,MoonPage.cancel
FNDA:1025,MoonPage.cancel
DA:195,1025
BRDA:195,8,0,1
BRDA:195,8,1,1024
DA:198,1024
DA:200,1024
DA:202,1024
FN:209,MoonPage.buy
FNDA:1025,MoonPage.buy
DA:211,1025
BRDA:211,9,0,1
BRDA:211,9,1,1024
DA:213,1024
DA:214,1024
DA:220,1024
BRDA:220,10,0,194
BRDA:220,10,1,830
DA:223,830
BRDA:223,11,0,62
BRDA:223,11,1,768
DA:226,768
DA:229,768
DA:232,768
DA:237,768
BRDA:237,12,0,582
BRDA:237,12,1,768
DA:238,582
DA:240,768
FN:248,MoonPage.batchDeposit
FNDA:1288,MoonPage.batchDeposit
DA:252,1288
DA:254,1288
BRDA:254,13,0,1
BRDA:254,13,1,1287
DA:255,1287
BRDA:255,14,0,1
BRDA:255,14,1,1286
DA:257,1286
DA:258,1286
DA:260,1286
DA:261,3858
DA:265,3858
DA:268,3858
DA:271,3858
DA:274,3858
DA:278,1286
DA:280,1286
BRDA:280,15,0,-
BRDA:280,15,1,1286
FN:299,MoonPage.batchWithdraw
FNDA:4,MoonPage.batchWithdraw
DA:303,4
DA:305,4
BRDA:305,16,0,1
BRDA:305,16,1,3
DA:306,3
BRDA:306,17,0,1
BRDA:306,17,1,2
DA:308,2
DA:309,2
DA:311,2
DA:312,4
DA:315,4
BRDA:315,18,0,1
BRDA:315,18,1,3
DA:318,3
DA:321,3
DA:324,3
DA:327,3
DA:331,1
FN:340,MoonPage.batchList
FNDA:1286,MoonPage.batchList
DA:345,1286
DA:347,1286
BRDA:347,19,0,1
BRDA:347,19,1,1285
DA:349,1285
DA:352,3851
DA:355,3849
DA:359,1283
FN:367,MoonPage.batchEdit
FNDA:260,MoonPage.batchEdit
DA:371,260
DA:373,260
BRDA:373,20,0,1
BRDA:373,20,1,259
DA:375,259
DA:377,259
DA:378,771
DA:381,770
BRDA:381,21,0,1
BRDA:381,21,1,769
DA:383,769
DA:386,769
BRDA:386,22,0,1
BRDA:386,22,1,768
DA:388,768
DA:391,768
DA:395,256
FN:402,MoonPage.batchCancel
FNDA:258,MoonPage.batchCancel
DA:403,258
DA:405,258
BRDA:405,23,0,1
BRDA:405,23,1,257
DA:407,257
DA:409,257
DA:410,769
DA:413,769
BRDA:413,24,0,1
BRDA:413,24,1,768
DA:416,768
DA:418,768
DA:421,768
DA:425,256
FN:432,MoonPage.batchBuy
FNDA:515,MoonPage.batchBuy
DA:433,515
DA:435,515
BRDA:435,25,0,1
BRDA:435,25,1,514
DA:438,514
BRDA:438,26,0,1
BRDA:438,26,1,513
DA:440,513
DA:441,513
DA:442,513
DA:444,513
DA:445,1539
DA:449,1539
DA:452,1539
DA:453,1539
DA:456,1539
DA:459,1539
BRDA:459,27,0,256
BRDA:459,27,1,1283
DA:462,1283
DA:465,1283
DA:468,1283
DA:471,1283
DA:474,1283
DA:478,513
BRDA:478,28,0,1
BRDA:478,28,1,512
DA:481,512
BRDA:481,29,0,512
BRDA:481,29,1,512
DA:482,512
DA:484,512
FNF:17
FNH:17
LF:118
LH:118
BRF:60
BRH:59
end_of_record
TN:
SF:src/base/ERC1155.sol
FN:57,ERC1155._setURI
FNDA:1,ERC1155._setURI
DA:58,1
DA:62,1
FN:75,ERC1155.uri
FNDA:2,ERC1155.uri
DA:76,2
FN:83,ERC1155._balanceOf
FNDA:16687,ERC1155._balanceOf
DA:87,16687
FN:90,ERC1155.balanceOf
FNDA:16661,ERC1155.balanceOf
DA:94,16661
FN:97,ERC1155.setApprovalForAll
FNDA:3,ERC1155.setApprovalForAll
DA:98,3
DA:100,3
FN:103,ERC1155.safeTransferFrom
FNDA:4,ERC1155.safeTransferFrom
DA:110,4
BRDA:110,0,0,-
BRDA:110,0,1,4
DA:116,4
BRDA:116,1,0,-
BRDA:116,1,1,4
DA:119,4
DA:121,4
DA:123,4
BRDA:123,2,0,-
BRDA:123,2,1,4
FN:137,ERC1155.safeBatchTransferFrom
FNDA:1,ERC1155.safeBatchTransferFrom
DA:144,1
BRDA:144,3,0,-
BRDA:144,3,1,1
DA:146,1
BRDA:146,4,0,-
BRDA:146,4,1,1
DA:152,1
DA:154,1
DA:155,3
DA:157,3
BRDA:157,5,0,-
BRDA:157,5,1,3
DA:159,3
DA:164,3
DA:168,1
DA:170,1
BRDA:170,6,0,-
BRDA:170,6,1,1
FN:184,ERC1155.balanceOfBatch
FNDA:8,ERC1155.balanceOfBatch
DA:188,8
BRDA:188,7,0,-
BRDA:188,7,1,8
DA:190,8
DA:195,8
DA:196,26
FN:205,ERC1155.supportsInterface
FNDA:0,ERC1155.supportsInterface
DA:208,0
FN:218,ERC1155._mint
FNDA:3672,ERC1155._mint
DA:219,3672
DA:221,3672
DA:223,3672
BRDA:223,8,0,-
BRDA:223,8,1,3672
FN:237,ERC1155._burn
FNDA:4,ERC1155._burn
DA:238,4
DA:240,4
FN:247,ERC1155TokenReceiver.onERC1155Received
FNDA:0,ERC1155TokenReceiver.onERC1155Received
DA:254,0
FN:257,ERC1155TokenReceiver.onERC1155BatchReceived
FNDA:0,ERC1155TokenReceiver.onERC1155BatchReceived
DA:264,0
FNF:13
FNH:10
LF:34
LH:31
BRF:18
BRH:9
end_of_record
TN:
SF:src/base/Owned.sol
FN:39,Owned.transferOwnership
FNDA:0,Owned.transferOwnership
DA:40,0
DA:42,0
FNF:1
FNH:0
LF:2
LH:0
BRF:0
BRH:0
end_of_record
TN:
SF:test/ERC1155.t.sol
FN:113,WrongReturnDataERC1155Recipient.onERC1155Received
FNDA:0,WrongReturnDataERC1155Recipient.onERC1155Received
DA:120,0
FN:123,WrongReturnDataERC1155Recipient.onERC1155BatchReceived
FNDA:0,WrongReturnDataERC1155Recipient.onERC1155BatchReceived
DA:130,0
FN:31,ERC1155Recipient.onERC1155Received
FNDA:258,ERC1155Recipient.onERC1155Received
DA:38,258
DA:39,258
DA:40,258
DA:41,258
DA:42,258
DA:44,258
FN:53,ERC1155Recipient.batchIds
FNDA:0,ERC1155Recipient.batchIds
DA:54,0
FN:57,ERC1155Recipient.batchAmounts
FNDA:0,ERC1155Recipient.batchAmounts
DA:58,0
FN:61,ERC1155Recipient.onERC1155BatchReceived
FNDA:0,ERC1155Recipient.onERC1155BatchReceived
DA:68,0
DA:69,0
DA:70,0
DA:71,0
DA:72,0
DA:74,0
FN:11,MockERC1155.uri
FNDA:0,MockERC1155.uri
FN:15,MockERC1155.mint
FNDA:523,MockERC1155.mint
DA:16,523
FN:19,MockERC1155.burn
FNDA:1,MockERC1155.burn
DA:20,1
FN:79,RevertingERC1155Recipient.onERC1155Received
FNDA:0,RevertingERC1155Recipient.onERC1155Received
DA:86,0
FN:95,RevertingERC1155Recipient.onERC1155BatchReceived
FNDA:0,RevertingERC1155Recipient.onERC1155BatchReceived
DA:102,0
FNF:11
FNH:3
LF:20
LH:8
BRF:0
BRH:0
end_of_record
TN:
SF:test/MoonBook.t.sol
FN:16,DummyERC4626.totalAssets
FNDA:0,DummyERC4626.totalAssets
DA:17,0
FNF:1
FNH:0
LF:1
LH:0
BRF:0
BRH:0
end_of_record
TN:
SF:test/benchmarks/SafeTransferFrom.t.sol
FN:10,SolmateERC1155.uri
FNDA:0,SolmateERC1155.uri
DA:11,0
FN:14,SolmateERC1155.mint
FNDA:1,SolmateERC1155.mint
DA:15,1
FN:18,SolmateERC1155.batchMint
FNDA:1,SolmateERC1155.batchMint
DA:22,1
FN:27,MoonERC1155.uri
FNDA:0,MoonERC1155.uri
DA:28,0
FN:31,MoonERC1155.mint
FNDA:1,MoonERC1155.mint
DA:32,1
FN:35,MoonERC1155.batchMint
FNDA:1,MoonERC1155.batchMint
DA:36,1
DA:37,3
DA:40,3
FNF:6
FNH:4
LF:8
LH:6
BRF:0
BRH:0
end_of_record
